<?xml version="1.0" encoding="UTF-8"?>
<!-- Generated by org.testng.reporters.JUnitXMLReporter -->
<testsuite hostname="NaNeNu.local" name="Default test" tests="1" failures="1" timestamp="16 Jun 2016 00:51:12 GMT" time="46.076" errors="0">
  <testcase name="loginTest" time="46.044" classname="com.test.corealm.Assignment">
    <failure type="org.openqa.selenium.WebDriverException" message="Failed to connect to binary FirefoxBinary(/Applications/Firefox.app/Contents/MacOS/firefox-bin) on port 7055; process output follows: 
8-4474-a285-3208198ce6fd}&amp;quot;,&amp;quot;syncGUID&amp;quot;:&amp;quot;9my2Vc67dUDt&amp;quot;,&amp;quot;location&amp;quot;:&amp;quot;app-global&amp;quot;,&amp;quot;version&amp;quot;:&amp;quot;47.0&amp;quot;,&amp;quot;type&amp;quot;:&amp;quot;theme&amp;quot;,&amp;quot;internalName&amp;quot;:&amp;quot;classic/1.0&amp;quot;,&amp;quot;updateURL&amp;quot;:null,&amp;quot;updateKey&amp;quot;:null,&amp;quot;optionsURL&amp;quot;:null,&amp;quot;optionsType&amp;quot;:null,&amp;quot;aboutURL&amp;quot;:null,&amp;quot;icons&amp;quot;:{&amp;quot;32&amp;quot;:&amp;quot;icon.png&amp;quot;,&amp;quot;48&amp;quot;:&amp;quot;icon.png&amp;quot;},&amp;quot;iconURL&amp;quot;:null,&amp;quot;icon64URL&amp;quot;:null,&amp;quot;defaultLocale&amp;quot;:{&amp;quot;name&amp;quot;:&amp;quot;Default&amp;quot;,&amp;quot;description&amp;quot;:&amp;quot;The default theme.&amp;quot;,&amp;quot;creator&amp;quot;:&amp;quot;Mozilla&amp;quot;,&amp;quot;homepageURL&amp;quot;:null,&amp;quot;contributors&amp;quot;:[&amp;quot;Mozilla Contributors&amp;quot;]},&amp;quot;visible&amp;quot;:true,&amp;quot;active&amp;quot;:true,&amp;quot;userDisabled&amp;quot;:false,&amp;quot;appDisabled&amp;quot;:false,&amp;quot;descriptor&amp;quot;:&amp;quot;/Applications/Firefox.app/Contents/Resources/browser/extensions/{972ce4c6-7e08-4474-a285-3208198ce6fd}.xpi&amp;quot;,&amp;quot;installDate&amp;quot;:1465074471000,&amp;quot;updateDate&amp;quot;:1465074471000,&amp;quot;applyBackgroundUpdates&amp;quot;:1,&amp;quot;skinnable&amp;quot;:true,&amp;quot;size&amp;quot;:7134,&amp;quot;sourceURI&amp;quot;:null,&amp;quot;releaseNotesURI&amp;quot;:null,&amp;quot;softDisabled&amp;quot;:false,&amp;quot;foreignInstall&amp;quot;:false,&amp;quot;hasBinaryComponents&amp;quot;:false,&amp;quot;strictCompatibility&amp;quot;:true,&amp;quot;locales&amp;quot;:[],&amp;quot;targetApplications&amp;quot;:[{&amp;quot;id&amp;quot;:&amp;quot;{ec8030f7-c20a-464f-9b0e-13a3a9e97384}&amp;quot;,&amp;quot;minVersion&amp;quot;:&amp;quot;47.0&amp;quot;,&amp;quot;maxVersion&amp;quot;:&amp;quot;47.0&amp;quot;}],&amp;quot;targetPlatforms&amp;quot;:[],&amp;quot;seen&amp;quot;:true}
1466038227398	addons.xpi	DEBUG	getModTime: Recursive scan of {972ce4c6-7e08-4474-a285-3208198ce6fd}
1466038227399	DeferredSave.extensions.json	DEBUG	Save changes
1466038227399	addons.xpi	DEBUG	Updating database with changes to installed add-ons
1466038227399	addons.xpi-utils	DEBUG	Updating add-on states
1466038227400	addons.xpi-utils	DEBUG	Writing add-ons list
1466038227401	addons.xpi	DEBUG	Registering manifest for /Applications/Firefox.app/Contents/Resources/browser/features/e10srollout@mozilla.org.xpi
1466038227401	addons.xpi	DEBUG	Calling bootstrap method startup on e10srollout@mozilla.org version 1.0
1466038227401	addons.xpi	DEBUG	Registering manifest for /Applications/Firefox.app/Contents/Resources/browser/features/firefox@getpocket.com.xpi
1466038227402	addons.xpi	DEBUG	Calling bootstrap method startup on firefox@getpocket.com version 1.0.2
1466038227402	addons.xpi	DEBUG	Registering manifest for /Applications/Firefox.app/Contents/Resources/browser/features/loop@mozilla.org.xpi
1466038227403	addons.xpi	DEBUG	Calling bootstrap method startup on loop@mozilla.org version 1.3.2
1466038227419	addons.manager	DEBUG	Registering shutdown blocker for XPIProvider
1466038227419	addons.manager	DEBUG	Provider finished startup: XPIProvider
1466038227419	addons.manager	DEBUG	Starting provider: LightweightThemeManager
1466038227419	addons.manager	DEBUG	Registering shutdown blocker for LightweightThemeManager
1466038227419	addons.manager	DEBUG	Provider finished startup: LightweightThemeManager
1466038227420	addons.manager	DEBUG	Starting provider: GMPProvider
1466038227426	addons.manager	DEBUG	Registering shutdown blocker for GMPProvider
1466038227426	addons.manager	DEBUG	Provider finished startup: GMPProvider
1466038227426	addons.manager	DEBUG	Starting provider: PluginProvider
1466038227426	addons.manager	DEBUG	Registering shutdown blocker for PluginProvider
1466038227426	addons.manager	DEBUG	Provider finished startup: PluginProvider
1466038227427	addons.manager	DEBUG	Completed startup sequence
1466038227666	addons.manager	DEBUG	Starting provider: &amp;lt;unnamed-provider&amp;gt;
1466038227666	addons.manager	DEBUG	Registering shutdown blocker for &amp;lt;unnamed-provider&amp;gt;
1466038227666	addons.manager	DEBUG	Provider finished startup: &amp;lt;unnamed-provider&amp;gt;
1466038227667	DeferredSave.extensions.json	DEBUG	Starting write
1466038227834	addons.repository	DEBUG	No addons.json found.
1466038227835	DeferredSave.addons.json	DEBUG	Save changes
1466038227844	DeferredSave.addons.json	DEBUG	Starting timer
1466038227871	addons.manager	DEBUG	Starting provider: PreviousExperimentProvider
1466038227871	addons.manager	DEBUG	Registering shutdown blocker for PreviousExperimentProvider
1466038227871	addons.manager	DEBUG	Provider finished startup: PreviousExperimentProvider
1466038227874	DeferredSave.extensions.json	DEBUG	Write succeeded
1466038227874	addons.xpi-utils	DEBUG	XPI Database saved, setting schema version preference to 17
1466038227900	DeferredSave.addons.json	DEBUG	Starting write
1466038227909	DeferredSave.addons.json	DEBUG	Write succeeded

Build info: version: &amp;apos;2.53.0&amp;apos;, revision: &amp;apos;35ae25b&amp;apos;, time: &amp;apos;2016-03-15 16:57:40&amp;apos;
System info: host: &amp;apos;NaNeNu.local&amp;apos;, ip: &amp;apos;192.168.0.5&amp;apos;, os.name: &amp;apos;Mac OS X&amp;apos;, os.arch: &amp;apos;x86_64&amp;apos;, os.version: &amp;apos;10.11.5&amp;apos;, java.version: &amp;apos;1.8.0_65&amp;apos;
Driver info: driver.version: FirefoxDriver">
      <![CDATA[org.openqa.selenium.WebDriverException: Failed to connect to binary FirefoxBinary(/Applications/Firefox.app/Contents/MacOS/firefox-bin) on port 7055; process output follows: 
8-4474-a285-3208198ce6fd}","syncGUID":"9my2Vc67dUDt","location":"app-global","version":"47.0","type":"theme","internalName":"classic/1.0","updateURL":null,"updateKey":null,"optionsURL":null,"optionsType":null,"aboutURL":null,"icons":{"32":"icon.png","48":"icon.png"},"iconURL":null,"icon64URL":null,"defaultLocale":{"name":"Default","description":"The default theme.","creator":"Mozilla","homepageURL":null,"contributors":["Mozilla Contributors"]},"visible":true,"active":true,"userDisabled":false,"appDisabled":false,"descriptor":"/Applications/Firefox.app/Contents/Resources/browser/extensions/{972ce4c6-7e08-4474-a285-3208198ce6fd}.xpi","installDate":1465074471000,"updateDate":1465074471000,"applyBackgroundUpdates":1,"skinnable":true,"size":7134,"sourceURI":null,"releaseNotesURI":null,"softDisabled":false,"foreignInstall":false,"hasBinaryComponents":false,"strictCompatibility":true,"locales":[],"targetApplications":[{"id":"{ec8030f7-c20a-464f-9b0e-13a3a9e97384}","minVersion":"47.0","maxVersion":"47.0"}],"targetPlatforms":[],"seen":true}
1466038227398	addons.xpi	DEBUG	getModTime: Recursive scan of {972ce4c6-7e08-4474-a285-3208198ce6fd}
1466038227399	DeferredSave.extensions.json	DEBUG	Save changes
1466038227399	addons.xpi	DEBUG	Updating database with changes to installed add-ons
1466038227399	addons.xpi-utils	DEBUG	Updating add-on states
1466038227400	addons.xpi-utils	DEBUG	Writing add-ons list
1466038227401	addons.xpi	DEBUG	Registering manifest for /Applications/Firefox.app/Contents/Resources/browser/features/e10srollout@mozilla.org.xpi
1466038227401	addons.xpi	DEBUG	Calling bootstrap method startup on e10srollout@mozilla.org version 1.0
1466038227401	addons.xpi	DEBUG	Registering manifest for /Applications/Firefox.app/Contents/Resources/browser/features/firefox@getpocket.com.xpi
1466038227402	addons.xpi	DEBUG	Calling bootstrap method startup on firefox@getpocket.com version 1.0.2
1466038227402	addons.xpi	DEBUG	Registering manifest for /Applications/Firefox.app/Contents/Resources/browser/features/loop@mozilla.org.xpi
1466038227403	addons.xpi	DEBUG	Calling bootstrap method startup on loop@mozilla.org version 1.3.2
1466038227419	addons.manager	DEBUG	Registering shutdown blocker for XPIProvider
1466038227419	addons.manager	DEBUG	Provider finished startup: XPIProvider
1466038227419	addons.manager	DEBUG	Starting provider: LightweightThemeManager
1466038227419	addons.manager	DEBUG	Registering shutdown blocker for LightweightThemeManager
1466038227419	addons.manager	DEBUG	Provider finished startup: LightweightThemeManager
1466038227420	addons.manager	DEBUG	Starting provider: GMPProvider
1466038227426	addons.manager	DEBUG	Registering shutdown blocker for GMPProvider
1466038227426	addons.manager	DEBUG	Provider finished startup: GMPProvider
1466038227426	addons.manager	DEBUG	Starting provider: PluginProvider
1466038227426	addons.manager	DEBUG	Registering shutdown blocker for PluginProvider
1466038227426	addons.manager	DEBUG	Provider finished startup: PluginProvider
1466038227427	addons.manager	DEBUG	Completed startup sequence
1466038227666	addons.manager	DEBUG	Starting provider: <unnamed-provider>
1466038227666	addons.manager	DEBUG	Registering shutdown blocker for <unnamed-provider>
1466038227666	addons.manager	DEBUG	Provider finished startup: <unnamed-provider>
1466038227667	DeferredSave.extensions.json	DEBUG	Starting write
1466038227834	addons.repository	DEBUG	No addons.json found.
1466038227835	DeferredSave.addons.json	DEBUG	Save changes
1466038227844	DeferredSave.addons.json	DEBUG	Starting timer
1466038227871	addons.manager	DEBUG	Starting provider: PreviousExperimentProvider
1466038227871	addons.manager	DEBUG	Registering shutdown blocker for PreviousExperimentProvider
1466038227871	addons.manager	DEBUG	Provider finished startup: PreviousExperimentProvider
1466038227874	DeferredSave.extensions.json	DEBUG	Write succeeded
1466038227874	addons.xpi-utils	DEBUG	XPI Database saved, setting schema version preference to 17
1466038227900	DeferredSave.addons.json	DEBUG	Starting write
1466038227909	DeferredSave.addons.json	DEBUG	Write succeeded

Build info: version: '2.53.0', revision: '35ae25b', time: '2016-03-15 16:57:40'
System info: host: 'NaNeNu.local', ip: '192.168.0.5', os.name: 'Mac OS X', os.arch: 'x86_64', os.version: '10.11.5', java.version: '1.8.0_65'
Driver info: driver.version: FirefoxDriver
	at org.openqa.selenium.firefox.internal.NewProfileExtensionConnection.start(NewProfileExtensionConnection.java:124)
	at org.openqa.selenium.firefox.FirefoxDriver.startClient(FirefoxDriver.java:271)
	at org.openqa.selenium.remote.RemoteWebDriver.<init>(RemoteWebDriver.java:119)
	at org.openqa.selenium.firefox.FirefoxDriver.<init>(FirefoxDriver.java:218)
	at org.openqa.selenium.firefox.FirefoxDriver.<init>(FirefoxDriver.java:211)
	at org.openqa.selenium.firefox.FirefoxDriver.<init>(FirefoxDriver.java:207)
	at org.openqa.selenium.firefox.FirefoxDriver.<init>(FirefoxDriver.java:120)
	at com.test.corealm.Assignment.loginTest(Assignment.java:16)
	at sun.reflect.NativeMethodAccessorImpl.invoke0(Native Method)
	at sun.reflect.NativeMethodAccessorImpl.invoke(NativeMethodAccessorImpl.java:62)
	at sun.reflect.DelegatingMethodAccessorImpl.invoke(DelegatingMethodAccessorImpl.java:43)
	at java.lang.reflect.Method.invoke(Method.java:497)
	at org.testng.internal.MethodInvocationHelper.invokeMethod(MethodInvocationHelper.java:85)
	at org.testng.internal.Invoker.invokeMethod(Invoker.java:639)
	at org.testng.internal.Invoker.invokeTestMethod(Invoker.java:816)
	at org.testng.internal.Invoker.invokeTestMethods(Invoker.java:1124)
	at org.testng.internal.TestMethodWorker.invokeTestMethods(TestMethodWorker.java:125)
	at org.testng.internal.TestMethodWorker.run(TestMethodWorker.java:108)
	at org.testng.TestRunner.privateRun(TestRunner.java:774)
	at org.testng.TestRunner.run(TestRunner.java:624)
	at org.testng.SuiteRunner.runTest(SuiteRunner.java:359)
	at org.testng.SuiteRunner.runSequentially(SuiteRunner.java:354)
	at org.testng.SuiteRunner.privateRun(SuiteRunner.java:312)
	at org.testng.SuiteRunner.run(SuiteRunner.java:261)
	at org.testng.SuiteRunnerWorker.runSuite(SuiteRunnerWorker.java:52)
	at org.testng.SuiteRunnerWorker.run(SuiteRunnerWorker.java:86)
	at org.testng.TestNG.runSuitesSequentially(TestNG.java:1215)
	at org.testng.TestNG.runSuitesLocally(TestNG.java:1140)
	at org.testng.TestNG.run(TestNG.java:1048)
	at org.testng.remote.AbstractRemoteTestNG.run(AbstractRemoteTestNG.java:126)
	at org.testng.remote.RemoteTestNG.initAndRun(RemoteTestNG.java:137)
	at org.testng.remote.RemoteTestNG.main(RemoteTestNG.java:58)
Caused by: org.openqa.selenium.firefox.NotConnectedException: Unable to connect to host 127.0.0.1 on port 7055 after 45000 ms. Firefox console output:
8-4474-a285-3208198ce6fd}","syncGUID":"9my2Vc67dUDt","location":"app-global","version":"47.0","type":"theme","internalName":"classic/1.0","updateURL":null,"updateKey":null,"optionsURL":null,"optionsType":null,"aboutURL":null,"icons":{"32":"icon.png","48":"icon.png"},"iconURL":null,"icon64URL":null,"defaultLocale":{"name":"Default","description":"The default theme.","creator":"Mozilla","homepageURL":null,"contributors":["Mozilla Contributors"]},"visible":true,"active":true,"userDisabled":false,"appDisabled":false,"descriptor":"/Applications/Firefox.app/Contents/Resources/browser/extensions/{972ce4c6-7e08-4474-a285-3208198ce6fd}.xpi","installDate":1465074471000,"updateDate":1465074471000,"applyBackgroundUpdates":1,"skinnable":true,"size":7134,"sourceURI":null,"releaseNotesURI":null,"softDisabled":false,"foreignInstall":false,"hasBinaryComponents":false,"strictCompatibility":true,"locales":[],"targetApplications":[{"id":"{ec8030f7-c20a-464f-9b0e-13a3a9e97384}","minVersion":"47.0","maxVersion":"47.0"}],"targetPlatforms":[],"seen":true}
1466038227398	addons.xpi	DEBUG	getModTime: Recursive scan of {972ce4c6-7e08-4474-a285-3208198ce6fd}
1466038227399	DeferredSave.extensions.json	DEBUG	Save changes
1466038227399	addons.xpi	DEBUG	Updating database with changes to installed add-ons
1466038227399	addons.xpi-utils	DEBUG	Updating add-on states
1466038227400	addons.xpi-utils	DEBUG	Writing add-ons list
1466038227401	addons.xpi	DEBUG	Registering manifest for /Applications/Firefox.app/Contents/Resources/browser/features/e10srollout@mozilla.org.xpi
1466038227401	addons.xpi	DEBUG	Calling bootstrap method startup on e10srollout@mozilla.org version 1.0
1466038227401	addons.xpi	DEBUG	Registering manifest for /Applications/Firefox.app/Contents/Resources/browser/features/firefox@getpocket.com.xpi
1466038227402	addons.xpi	DEBUG	Calling bootstrap method startup on firefox@getpocket.com version 1.0.2
1466038227402	addons.xpi	DEBUG	Registering manifest for /Applications/Firefox.app/Contents/Resources/browser/features/loop@mozilla.org.xpi
1466038227403	addons.xpi	DEBUG	Calling bootstrap method startup on loop@mozilla.org version 1.3.2
1466038227419	addons.manager	DEBUG	Registering shutdown blocker for XPIProvider
1466038227419	addons.manager	DEBUG	Provider finished startup: XPIProvider
1466038227419	addons.manager	DEBUG	Starting provider: LightweightThemeManager
1466038227419	addons.manager	DEBUG	Registering shutdown blocker for LightweightThemeManager
1466038227419	addons.manager	DEBUG	Provider finished startup: LightweightThemeManager
1466038227420	addons.manager	DEBUG	Starting provider: GMPProvider
1466038227426	addons.manager	DEBUG	Registering shutdown blocker for GMPProvider
1466038227426	addons.manager	DEBUG	Provider finished startup: GMPProvider
1466038227426	addons.manager	DEBUG	Starting provider: PluginProvider
1466038227426	addons.manager	DEBUG	Registering shutdown blocker for PluginProvider
1466038227426	addons.manager	DEBUG	Provider finished startup: PluginProvider
1466038227427	addons.manager	DEBUG	Completed startup sequence
1466038227666	addons.manager	DEBUG	Starting provider: <unnamed-provider>
1466038227666	addons.manager	DEBUG	Registering shutdown blocker for <unnamed-provider>
1466038227666	addons.manager	DEBUG	Provider finished startup: <unnamed-provider>
1466038227667	DeferredSave.extensions.json	DEBUG	Starting write
1466038227834	addons.repository	DEBUG	No addons.json found.
1466038227835	DeferredSave.addons.json	DEBUG	Save changes
1466038227844	DeferredSave.addons.json	DEBUG	Starting timer
1466038227871	addons.manager	DEBUG	Starting provider: PreviousExperimentProvider
1466038227871	addons.manager	DEBUG	Registering shutdown blocker for PreviousExperimentProvider
1466038227871	addons.manager	DEBUG	Provider finished startup: PreviousExperimentProvider
1466038227874	DeferredSave.extensions.json	DEBUG	Write succeeded
1466038227874	addons.xpi-utils	DEBUG	XPI Database saved, setting schema version preference to 17
1466038227900	DeferredSave.addons.json	DEBUG	Starting write
1466038227909	DeferredSave.addons.json	DEBUG	Write succeeded

	at org.openqa.selenium.firefox.internal.NewProfileExtensionConnection.start(NewProfileExtensionConnection.java:112)
	... 31 more
]]>
    </failure>
  </testcase> <!-- loginTest -->
</testsuite> <!-- Default test -->
